<?xml version="1.0" encoding="UTF-8"?>
<!-- Generated by org.testng.reporters.JUnitReportReporter -->
<testsuite hostname="DESKTOP-7GJTKBB" failures="0" tests="1" name="com.automation.TstNG_TC_003_DeleteEmployee" time="16.214" errors="0" timestamp="2022-05-10T19:50:45 EDT" skipped="0">
  <testcase classname="com.automation.TstNG_TC_003_DeleteEmployee" name="deleEmployee" time="16.214"/>
  <system-out/>
</testsuite> <!-- com.automation.TstNG_TC_003_DeleteEmployee -->
