<?xml version="1.0" encoding="UTF-8"?>
<!-- Generated by org.testng.reporters.JUnitReportReporter -->
<testsuite hostname="DESKTOP-7GJTKBB" failures="0" tests="1" name="com.automation.Windows_FileUpload_UsingRobotClass_" time="26.406" errors="0" timestamp="2022-06-01T10:30:09 EDT" skipped="0">
  <testcase classname="com.automation.Windows_FileUpload_UsingRobotClass_" name="upLoadFile" time="26.406"/>
  <system-out/>
</testsuite> <!-- com.automation.Windows_FileUpload_UsingRobotClass_ -->
