<?xml version="1.0" encoding="UTF-8"?>
<!-- Generated by org.testng.reporters.JUnitReportReporter -->
<testsuite hostname="DESKTOP-7GJTKBB" failures="0" tests="1" name="com.automation.Windows_FileDownLoad" time="31.768" errors="0" timestamp="2022-06-02T10:52:12 EDT" skipped="0">
  <testcase classname="com.automation.Windows_FileDownLoad" name="downLoad" time="31.768"/>
  <system-out/>
</testsuite> <!-- com.automation.Windows_FileDownLoad -->
