<?xml version="1.0" encoding="UTF-8"?>
<!-- Generated by org.testng.reporters.JUnitReportReporter -->
<testsuite hostname="DESKTOP-7GJTKBB" failures="0" tests="6" name="com.automation.TstNG_TC_004_AddRemoveCart_DiffrntBrowsers_TstLvl_ParaMetr" time="61.251" errors="0" timestamp="2022-05-13T15:59:23 EDT" skipped="0">
  <testcase classname="com.automation.TstNG_TC_004_AddRemoveCart_DiffrntBrowsers_TstLvl_ParaMetr" name="addToCart" time="11.036"/>
  <system-out/>
  <testcase classname="com.automation.TstNG_TC_004_AddRemoveCart_DiffrntBrowsers_TstLvl_ParaMetr" name="addToCart" time="12.658"/>
  <system-out/>
  <testcase classname="com.automation.TstNG_TC_004_AddRemoveCart_DiffrntBrowsers_TstLvl_ParaMetr" name="addToCart" time="9.959"/>
  <system-out/>
  <testcase classname="com.automation.TstNG_TC_004_AddRemoveCart_DiffrntBrowsers_TstLvl_ParaMetr" name="removeFromCart" time="7.900"/>
  <system-out/>
  <testcase classname="com.automation.TstNG_TC_004_AddRemoveCart_DiffrntBrowsers_TstLvl_ParaMetr" name="removeFromCart" time="9.282"/>
  <system-out/>
  <testcase classname="com.automation.TstNG_TC_004_AddRemoveCart_DiffrntBrowsers_TstLvl_ParaMetr" name="removeFromCart" time="10.416"/>
  <system-out/>
</testsuite> <!-- com.automation.TstNG_TC_004_AddRemoveCart_DiffrntBrowsers_TstLvl_ParaMetr -->
