<?xml version="1.0" encoding="UTF-8"?>
<!-- Generated by org.testng.reporters.JUnitReportReporter -->
<testsuite hostname="DESKTOP-7GJTKBB" failures="0" tests="2" name="com.automation.TstNG_TC_004_AddRemoveCart_ParaMeterizatin_" time="15.753" errors="0" timestamp="2022-05-11T12:25:46 EDT" skipped="0">
  <testcase classname="com.automation.TstNG_TC_004_AddRemoveCart_ParaMeterizatin_" name="addToCart" time="8.132"/>
  <system-out/>
  <testcase classname="com.automation.TstNG_TC_004_AddRemoveCart_ParaMeterizatin_" name="removeFromCart" time="7.621"/>
  <system-out/>
</testsuite> <!-- com.automation.TstNG_TC_004_AddRemoveCart_ParaMeterizatin_ -->
