<?xml version="1.0" encoding="UTF-8"?>
<!-- Generated by org.testng.reporters.JUnitReportReporter -->
<testsuite hostname="DESKTOP-7GJTKBB" failures="0" tests="2" name="com.automation.TstNG_TC_004_AddRemoveCart_DiffrntBrowsers_ParaMeterizatin_" time="15.953" errors="0" timestamp="2022-05-12T13:45:26 EDT" skipped="0">
  <testcase classname="com.automation.TstNG_TC_004_AddRemoveCart_DiffrntBrowsers_ParaMeterizatin_" name="addToCart" time="7.723"/>
  <system-out/>
  <testcase classname="com.automation.TstNG_TC_004_AddRemoveCart_DiffrntBrowsers_ParaMeterizatin_" name="removeFromCart" time="8.230"/>
  <system-out/>
</testsuite> <!-- com.automation.TstNG_TC_004_AddRemoveCart_DiffrntBrowsers_ParaMeterizatin_ -->
