<?xml version="1.0" encoding="UTF-8"?>
<!-- Generated by org.testng.reporters.JUnitReportReporter -->
<testsuite hostname="DESKTOP-7GJTKBB" failures="0" tests="1" name="com.automation.ApathePoi_Excel_Write_FileOutPut_T" time="2.040" errors="0" timestamp="2022-05-27T15:13:02 EDT" skipped="0">
  <testcase classname="com.automation.ApathePoi_Excel_Write_FileOutPut_T" name="read" time="2.040"/>
  <system-out/>
</testsuite> <!-- com.automation.ApathePoi_Excel_Write_FileOutPut_T -->
