<?xml version="1.0" encoding="UTF-8"?>
<!-- Generated by org.testng.reporters.JUnitReportReporter -->
<testsuite hostname="DESKTOP-7GJTKBB" failures="0" tests="1" name="com.automation.TstNG_TC_001_AddEmp_LogMesageInReportGen" time="20.243" errors="0" timestamp="2022-05-17T17:51:29 EDT" skipped="0">
  <testcase classname="com.automation.TstNG_TC_001_AddEmp_LogMesageInReportGen" name="addEmployee" time="20.243"/>
  <system-out>
    <![CDATA[ID:0284]]>
  </system-out>
</testsuite> <!-- com.automation.TstNG_TC_001_AddEmp_LogMesageInReportGen -->
