<?xml version="1.0" encoding="UTF-8"?>
<!-- Generated by org.testng.reporters.JUnitReportReporter -->
<testsuite hostname="DESKTOP-7GJTKBB" failures="0" tests="1" name="com.automation.TstNG_TC_001_AddEmployee_ReportGenertn" time="21.260" errors="0" timestamp="2022-05-10T11:19:17 EDT" skipped="0">
  <testcase classname="com.automation.TstNG_TC_001_AddEmployee_ReportGenertn" name="addEmployee" time="21.260"/>
  <system-out/>
</testsuite> <!-- com.automation.TstNG_TC_001_AddEmployee_ReportGenertn -->
