<?xml version="1.0" encoding="UTF-8"?>
<!-- Generated by org.testng.reporters.JUnitReportReporter -->
<testsuite hostname="DESKTOP-7GJTKBB" failures="0" tests="1" name="com.automation.TstNG_TC_001_AddEmp_AtBforeTest_AtAftrTest" time="24.605" errors="0" timestamp="2022-05-10T18:17:32 EDT" skipped="0">
  <testcase classname="com.automation.TstNG_TC_001_AddEmp_AtBforeTest_AtAftrTest" name="addEmployee" time="24.605"/>
  <system-out/>
</testsuite> <!-- com.automation.TstNG_TC_001_AddEmp_AtBforeTest_AtAftrTest -->
