<?xml version="1.0" encoding="UTF-8"?>
<!-- Generated by org.testng.reporters.JUnitReportReporter -->
<testsuite hostname="DESKTOP-7GJTKBB" failures="0" tests="1" name="com.automation.ApathePoi_Excel_GetEntireTestData_" time="1.624" errors="0" timestamp="2022-05-25T17:42:22 EDT" skipped="0">
  <testcase classname="com.automation.ApathePoi_Excel_GetEntireTestData_" name="read" time="1.624"/>
  <system-out/>
</testsuite> <!-- com.automation.ApathePoi_Excel_GetEntireTestData_ -->
