<?xml version="1.0" encoding="UTF-8"?>
<!-- Generated by org.testng.reporters.JUnitReportReporter -->
<testsuite hostname="DESKTOP-7GJTKBB" failures="0" tests="1" name="com.automation.ApathePoi_Excel_ReadTestData_" time="2.388" errors="0" timestamp="2022-05-25T16:38:25 EDT" skipped="0">
  <testcase classname="com.automation.ApathePoi_Excel_ReadTestData_" name="read" time="2.388"/>
  <system-out/>
</testsuite> <!-- com.automation.ApathePoi_Excel_ReadTestData_ -->
