<?xml version="1.0" encoding="UTF-8"?>
<!-- Generated by org.testng.reporters.JUnitReportReporter -->
<testsuite hostname="DESKTOP-7GJTKBB" failures="0" tests="1" name="com.automation.ApathePoi_Excel_LargeTestData_" time="1.584" errors="0" timestamp="2022-05-25T17:04:13 EDT" skipped="0">
  <testcase classname="com.automation.ApathePoi_Excel_LargeTestData_" name="read" time="1.584"/>
  <system-out/>
</testsuite> <!-- com.automation.ApathePoi_Excel_LargeTestData_ -->
