<?xml version="1.0" encoding="UTF-8"?>
<!-- Generated by org.testng.reporters.JUnitReportReporter -->
<testsuite hostname="DESKTOP-7GJTKBB" failures="0" tests="2" name="com.automation.TstNG_TC_001_AddEmployee_BatchFileGene_Xml_T" time="52.527" errors="0" timestamp="2022-05-10T19:50:45 EDT" skipped="0">
  <testcase classname="com.automation.TstNG_TC_001_AddEmployee_BatchFileGene_Xml_T" name="addEmployee" time="17.395"/>
  <system-out/>
  <testcase classname="com.automation.TstNG_TC_001_AddEmployee_BatchFileGene_Xml_T" name="addEmployee" time="35.132"/>
  <system-out/>
</testsuite> <!-- com.automation.TstNG_TC_001_AddEmployee_BatchFileGene_Xml_T -->
