<?xml version="1.0" encoding="UTF-8"?>
<!-- Generated by org.testng.reporters.JUnitReportReporter -->
<testsuite hostname="DESKTOP-7GJTKBB" failures="0" tests="1" name="com.automation.TstNG_Script_TC_001_AddEmployee" time="26.137" errors="0" timestamp="2022-05-08T12:56:00 EDT" skipped="0">
  <testcase classname="com.automation.TstNG_Script_TC_001_AddEmployee" name="addEmployee" time="26.137"/>
  <system-out/>
</testsuite> <!-- com.automation.TstNG_Script_TC_001_AddEmployee -->
