<?xml version="1.0" encoding="UTF-8"?>
<!-- Generated by org.testng.reporters.JUnitReportReporter -->
<testsuite hostname="DESKTOP-7GJTKBB" failures="0" tests="1" name="com.automation.Windos_FileUplod_UsingRobt_StrngSelc_ToolKit_Copy" time="33.807" errors="0" timestamp="2022-06-02T10:21:35 EDT" skipped="0">
  <testcase classname="com.automation.Windos_FileUplod_UsingRobt_StrngSelc_ToolKit_Copy" name="upLoadFile" time="33.807"/>
  <system-out/>
</testsuite> <!-- com.automation.Windos_FileUplod_UsingRobt_StrngSelc_ToolKit_Copy -->
