<?xml version="1.0" encoding="UTF-8"?>
<!-- Generated by org.testng.reporters.JUnitReportReporter -->
<testsuite hostname="DESKTOP-7GJTKBB" failures="0" tests="1" name="com.automation.Windows_FileUpload_UsingRobotClass_Manualy" time="29.961" errors="0" timestamp="2022-06-01T16:13:27 EDT" skipped="0">
  <testcase classname="com.automation.Windows_FileUpload_UsingRobotClass_Manualy" name="upLoadFile" time="29.961"/>
  <system-out/>
</testsuite> <!-- com.automation.Windows_FileUpload_UsingRobotClass_Manualy -->
