<?xml version="1.0" encoding="UTF-8"?>
<!-- Generated by org.testng.reporters.JUnitReportReporter -->
<testsuite hostname="DESKTOP-7GJTKBB" failures="0" tests="1" name="com.automation.TstNG_TC_001_AddEmp_AtBforeMethod_AtAftrMethod" time="20.458" errors="0" timestamp="2022-05-10T19:05:03 EDT" skipped="0">
  <testcase classname="com.automation.TstNG_TC_001_AddEmp_AtBforeMethod_AtAftrMethod" name="addEmployee" time="20.458"/>
  <system-out/>
</testsuite> <!-- com.automation.TstNG_TC_001_AddEmp_AtBforeMethod_AtAftrMethod -->
